0 info it worked if it ends with ok
1 verbose cli [ 'C:\\Program Files\\nodejs\\node.exe',
1 verbose cli   'C:\\Program Files\\nodejs\\node_modules\\npm\\bin\\npm-cli.js',
1 verbose cli   'install',
1 verbose cli   'moment-timezone-with-data' ]
2 info using npm@2.14.12
3 info using node@v4.3.1
4 verbose install initial load of C:\Users\Pavan\Documents\GitHub\WeatherPrediction\package.json
5 warn package.json Weather-Prediction@1.0.0 No repository field.
6 warn package.json Weather-Prediction@1.0.0 No README data
7 verbose installManyTop reading scoped package data from C:\Users\Pavan\Documents\GitHub\WeatherPrediction\node_modules\angular\package.json
8 verbose installManyTop reading scoped package data from C:\Users\Pavan\Documents\GitHub\WeatherPrediction\node_modules\angular-route\package.json
9 verbose installManyTop reading scoped package data from C:\Users\Pavan\Documents\GitHub\WeatherPrediction\node_modules\babel-core\package.json
10 verbose installManyTop reading scoped package data from C:\Users\Pavan\Documents\GitHub\WeatherPrediction\node_modules\babel-polyfill\package.json
11 verbose installManyTop reading scoped package data from C:\Users\Pavan\Documents\GitHub\WeatherPrediction\node_modules\body-parser\package.json
12 verbose installManyTop reading scoped package data from C:\Users\Pavan\Documents\GitHub\WeatherPrediction\node_modules\express\package.json
13 verbose installManyTop reading scoped package data from C:\Users\Pavan\Documents\GitHub\WeatherPrediction\node_modules\gulp\package.json
14 verbose installManyTop reading scoped package data from C:\Users\Pavan\Documents\GitHub\WeatherPrediction\node_modules\gulp-babel\package.json
15 verbose installManyTop reading scoped package data from C:\Users\Pavan\Documents\GitHub\WeatherPrediction\node_modules\gulp-karma\package.json
16 verbose installManyTop reading scoped package data from C:\Users\Pavan\Documents\GitHub\WeatherPrediction\node_modules\gulp-live-server\package.json
17 verbose installManyTop reading scoped package data from C:\Users\Pavan\Documents\GitHub\WeatherPrediction\node_modules\gulp-util\package.json
18 verbose installManyTop reading scoped package data from C:\Users\Pavan\Documents\GitHub\WeatherPrediction\node_modules\gulp-watch\package.json
19 verbose installManyTop reading scoped package data from C:\Users\Pavan\Documents\GitHub\WeatherPrediction\node_modules\jasmine-core\package.json
20 verbose installManyTop reading scoped package data from C:\Users\Pavan\Documents\GitHub\WeatherPrediction\node_modules\karma\package.json
21 verbose installManyTop reading scoped package data from C:\Users\Pavan\Documents\GitHub\WeatherPrediction\node_modules\karma-chrome-launcher\package.json
22 verbose installManyTop reading scoped package data from C:\Users\Pavan\Documents\GitHub\WeatherPrediction\node_modules\karma-jasmine\package.json
23 verbose installManyTop reading scoped package data from C:\Users\Pavan\Documents\GitHub\WeatherPrediction\node_modules\karma-phantomjs-launcher\package.json
24 verbose installManyTop reading scoped package data from C:\Users\Pavan\Documents\GitHub\WeatherPrediction\node_modules\karma-requirejs\package.json
25 verbose installManyTop reading scoped package data from C:\Users\Pavan\Documents\GitHub\WeatherPrediction\node_modules\less\package.json
26 verbose installManyTop reading scoped package data from C:\Users\Pavan\Documents\GitHub\WeatherPrediction\node_modules\moment\package.json
27 verbose installManyTop reading scoped package data from C:\Users\Pavan\Documents\GitHub\WeatherPrediction\node_modules\moment-timezone\package.json
28 verbose installManyTop reading scoped package data from C:\Users\Pavan\Documents\GitHub\WeatherPrediction\node_modules\phantomjs\package.json
29 verbose installManyTop reading scoped package data from C:\Users\Pavan\Documents\GitHub\WeatherPrediction\node_modules\phantomjs-prebuilt\package.json
30 verbose installManyTop reading scoped package data from C:\Users\Pavan\Documents\GitHub\WeatherPrediction\node_modules\requirejs\package.json
31 verbose installManyTop reading scoped package data from C:\Users\Pavan\Documents\GitHub\WeatherPrediction\node_modules\whatwg-fetch\package.json
32 info package.json babel-polyfill@6.6.1 No description
33 info package.json whatwg-fetch@0.9.0 No license field.
34 info package.json requirejs@2.1.22 No license field.
35 verbose readDependencies loading dependencies from C:\Users\Pavan\Documents\GitHub\WeatherPrediction\package.json
36 silly cache add args [ 'moment-timezone-with-data', null ]
37 verbose cache add spec moment-timezone-with-data
38 silly cache add parsed spec Result {
38 silly cache add   raw: 'moment-timezone-with-data',
38 silly cache add   scope: null,
38 silly cache add   name: 'moment-timezone-with-data',
38 silly cache add   rawSpec: '',
38 silly cache add   spec: 'latest',
38 silly cache add   type: 'tag' }
39 silly addNamed moment-timezone-with-data@latest
40 verbose addNamed "latest" is being treated as a dist-tag for moment-timezone-with-data
41 info addNameTag [ 'moment-timezone-with-data', 'latest' ]
42 silly mapToRegistry name moment-timezone-with-data
43 silly mapToRegistry using default registry
44 silly mapToRegistry registry https://registry.npmjs.org/
45 silly mapToRegistry uri https://registry.npmjs.org/moment-timezone-with-data
46 verbose addNameTag registry:https://registry.npmjs.org/moment-timezone-with-data not in flight; fetching
47 verbose request uri https://registry.npmjs.org/moment-timezone-with-data
48 verbose request no auth needed
49 info attempt registry request try #1 at 2:24:15 PM
50 verbose request id aa1f80bb75fcebbc
51 http request GET https://registry.npmjs.org/moment-timezone-with-data
52 http 404 https://registry.npmjs.org/moment-timezone-with-data
53 verbose headers { 'content-type': 'application/json',
53 verbose headers   'cache-control': 'max-age=0',
53 verbose headers   'content-length': '2',
53 verbose headers   'accept-ranges': 'bytes',
53 verbose headers   date: 'Tue, 08 Mar 2016 14:24:16 GMT',
53 verbose headers   via: '1.1 varnish',
53 verbose headers   age: '0',
53 verbose headers   connection: 'keep-alive',
53 verbose headers   'x-served-by': 'cache-lhr6335-LHR',
53 verbose headers   'x-cache': 'MISS',
53 verbose headers   'x-cache-hits': '0',
53 verbose headers   'x-timer': 'S1457447056.146756,VS0,VE357' }
54 silly get cb [ 404,
54 silly get   { 'content-type': 'application/json',
54 silly get     'cache-control': 'max-age=0',
54 silly get     'content-length': '2',
54 silly get     'accept-ranges': 'bytes',
54 silly get     date: 'Tue, 08 Mar 2016 14:24:16 GMT',
54 silly get     via: '1.1 varnish',
54 silly get     age: '0',
54 silly get     connection: 'keep-alive',
54 silly get     'x-served-by': 'cache-lhr6335-LHR',
54 silly get     'x-cache': 'MISS',
54 silly get     'x-cache-hits': '0',
54 silly get     'x-timer': 'S1457447056.146756,VS0,VE357' } ]
55 verbose stack Error: Registry returned 404 for GET on https://registry.npmjs.org/moment-timezone-with-data
55 verbose stack     at makeError (C:\Program Files\nodejs\node_modules\npm\node_modules\npm-registry-client\lib\request.js:264:12)
55 verbose stack     at CachingRegistryClient.<anonymous> (C:\Program Files\nodejs\node_modules\npm\node_modules\npm-registry-client\lib\request.js:242:14)
55 verbose stack     at Request._callback (C:\Program Files\nodejs\node_modules\npm\node_modules\npm-registry-client\lib\request.js:172:14)
55 verbose stack     at Request.self.callback (C:\Program Files\nodejs\node_modules\npm\node_modules\request\request.js:198:22)
55 verbose stack     at emitTwo (events.js:87:13)
55 verbose stack     at Request.emit (events.js:172:7)
55 verbose stack     at Request.<anonymous> (C:\Program Files\nodejs\node_modules\npm\node_modules\request\request.js:1082:10)
55 verbose stack     at emitOne (events.js:82:20)
55 verbose stack     at Request.emit (events.js:169:7)
55 verbose stack     at IncomingMessage.<anonymous> (C:\Program Files\nodejs\node_modules\npm\node_modules\request\request.js:1009:12)
56 verbose statusCode 404
57 verbose pkgid moment-timezone-with-data
58 verbose cwd C:\Users\Pavan\Documents\GitHub\WeatherPrediction
59 error Windows_NT 10.0.10586
60 error argv "C:\\Program Files\\nodejs\\node.exe" "C:\\Program Files\\nodejs\\node_modules\\npm\\bin\\npm-cli.js" "install" "moment-timezone-with-data"
61 error node v4.3.1
62 error npm  v2.14.12
63 error code E404
64 error 404 Registry returned 404 for GET on https://registry.npmjs.org/moment-timezone-with-data
64 error 404
64 error 404 'moment-timezone-with-data' is not in the npm registry.
64 error 404 You should bug the author to publish it (or use the name yourself!)
64 error 404 It was specified as a dependency of 'Weather-Prediction'
64 error 404
64 error 404 Note that you can also install from a
64 error 404 tarball, folder, http url, or git url.
65 verbose exit [ 1, true ]
